{"name": "test_logout", "status": "broken", "statusDetails": {"message": "TypeError: get_screenshot_as_file() missing 1 required positional argument: 'filename'", "trace": "self = <login_test.TestLogin object at 0x04A1AC50>\n\n    def test_logout(self):\n        try:\n            driver = self.driver\n            homepage = HomePage(driver)\n            homepage.click_welcome()\n            homepage.click_logout()\n            x = driver.title\n>           assert x == \"abc\"\nE           AssertionError: assert 'OrangeHRM' == 'abc'\nE             - OrangeHRM\nE             + abc\n\ntests\\login_test.py:31: AssertionError\n\nDuring handling of the above exception, another exception occurred:\n\nself = <login_test.TestLogin object at 0x04A1AC50>\n\n    def test_logout(self):\n        try:\n            driver = self.driver\n            homepage = HomePage(driver)\n            homepage.click_welcome()\n            homepage.click_logout()\n            x = driver.title\n            assert x == \"abc\"\n        except AssertionError as error:\n            print(\"Assertion error occurred\")\n            print(error)\n            currTime = moment.now().strftime(\"%d-%m-%Y_%H:%M:%S\")\n            testName = environment.whoami()\n            screenshotName = testName + \"_screenshot_\" + currTime\n            allure.attach(driver.get_screenshot_as_png(),name=screenshotName,\n                          attachment_type=allure.attachment_type.PNG)\n            print(screenshotName)\n            #driver.get_screenshot_as_file does not work on Windows, use save_screenshot instead\n>           webdriver.Chrome.get_screenshot_as_file(\"C:/Users/jorge/Desktop/Work/Code/Mine/Python/AutomationFramework_1/screenshots/\"+screenshotName+\".png\")\nE           TypeError: get_screenshot_as_file() missing 1 required positional argument: 'filename'\n\ntests\\login_test.py:42: TypeError"}, "attachments": [{"name": "test_logout_screenshot_11-01-2019_11:17:36", "source": "dbec144e-bce2-410f-b471-9ac2a2a31052-attachment.png", "type": "image/png"}, {"name": "log", "source": "a6e3c302-cb5e-4fa8-b442-ffcd3027658a-attachment.txt", "type": "text/plain"}, {"name": "stdout", "source": "e1fa715a-8a34-4b52-8757-8e57ee93021e-attachment.txt", "type": "text/plain"}, {"name": "stderr", "source": "a4155144-d7ef-47e8-ae10-ecfd8234aa16-attachment.txt", "type": "text/plain"}], "start": 1547227055178, "stop": 1547227056779, "uuid": "a5a3acdf-51ce-47d3-8be3-64b4a87da835", "historyId": "e89a5a0e9aefe451ee262eba82370b01", "fullName": "tests.login_test.TestLogin#test_logout", "labels": [{"name": "parentSuite", "value": "tests"}, {"name": "suite", "value": "login_test"}, {"name": "subSuite", "value": "TestLogin"}, {"name": "host", "value": "DESKTOP-48K146D"}, {"name": "thread", "value": "19608-MainThread"}, {"name": "framework", "value": "pytest"}, {"name": "language", "value": "cpython3"}, {"name": "package", "value": "tests.login_test"}]}